10/30/2020 12:08:33 PM :: Connecting...
10/30/2020 12:08:34 PM :: countOpenPositions: 
10/30/2020 12:08:34 PM :: countOpenPositions: positions: [] 
10/30/2020 12:08:34 PM :: Have a position: long qty: 0 and short qty: 0 
10/30/2020 12:08:34 PM :: tws time in local time zone format: 2020-10-30 12:08:33 
10/30/2020 12:08:34 PM :: close 0 and close -1 3278.0 or 3254.25
10/30/2020 12:08:34 PM :: high [3281.25 3280.   3282.25 3282.5  3282.75 3280.   3278.75 3282.5  3287.75
 3292.5  3290.25 3292.5  3294.75 3294.25 3297.5  3298.75 3295.   3293.75
 3294.75 3293.25 3294.   3296.   3297.75 3297.75 3298.   3299.75 3299.
 3300.   3300.   3299.75 3300.5  3300.5  3302.   3310.75 3309.75 3307.25
 3302.5  3296.5  3295.   3292.75 3301.   3295.   3294.25 3293.5  3296.25
 3297.   3296.5  3292.25 3290.75 3287.75 3287.   3288.25 3285.   3277.5
 3277.75 3269.75 3264.5  3263.75 3277.   3275.   3273.25 3271.75 3276.5
 3283.   3287.25 3290.75 3297.25 3297.5  3292.75 3298.25 3292.75 3291.
 3288.   3291.75 3296.   3296.5  3293.75 3300.   3307.5  3315.   3324.
 3331.75 3333.75 3325.5  3325.75 3322.5  3321.75 3325.25 3311.25 3296.
 3283.75 3274.5  3273.75 3271.   3272.   3278.   3279.25 3281.25 3280.5
 3277.5  3277.75 3278.25 3275.   3273.5  3275.25 3272.75 3275.25 3274.75
 3276.25 3274.75 3274.5  3273.   3273.   3274.5  3274.75 3276.75 3276.5
 3275.5  3274.   3271.   3263.5  3254.25 3246.   3241.25 3238.   3239.5
 3238.75 3241.75 3241.   3249.5  3248.   3255.5  3259.   3261.5  3254.5
 3256.   3267.   3271.5  3277.5  3276.   3275.75 3276.75 3281.   3290.75
 3284.75 3283.   3281.75 3278.   3271.5  3277.75 3284.   3281.   3282.75
 3296.25 3283.25 3284.75 3273.   3255.75 3245.75 3254.   3253.5  3245.
 3249.25 3258.  ] lasthigh 3258.0 
10/30/2020 12:08:34 PM ::  
10/30/2020 12:08:34 PM :: low [3274.25 3277.   3280.   3278.   3278.75 3272.25 3274.25 3278.25 3279.5
 3284.75 3287.25 3289.5  3289.5  3291.   3293.25 3293.75 3292.5  3291.25
 3293.   3291.25 3291.   3291.5  3295.   3295.25 3297.   3297.25 3297.
 3297.25 3297.   3297.   3297.75 3298.   3298.75 3301.5  3305.75 3301.
 3292.25 3291.5  3284.5  3284.25 3289.25 3283.25 3288.75 3284.5  3288.
 3290.   3287.5  3285.75 3281.   3281.5  3281.25 3284.   3274.25 3274.
 3264.   3255.75 3257.25 3259.25 3261.5  3266.75 3265.5  3267.   3250.25
 3252.25 3270.   3272.   3286.   3288.   3283.75 3289.25 3282.25 3277.25
 3279.   3286.   3287.25 3290.   3285.75 3285.   3299.25 3305.   3314.
 3321.25 3323.   3316.5  3314.75 3309.   3313.5  3298.75 3288.75 3270.75
 3275.   3265.25 3264.25 3265.75 3267.25 3270.   3276.   3276.75 3275.25
 3268.75 3272.25 3273.25 3267.   3267.   3266.25 3266.25 3271.   3270.25
 3272.25 3272.   3269.5  3269.75 3270.   3272.25 3272.25 3273.75 3273.75
 3272.   3268.   3262.5  3248.   3243.25 3237.5  3226.   3229.75 3231.25
 3232.5  3233.5  3234.5  3238.   3240.25 3242.5  3253.25 3253.25 3246.5
 3249.5  3253.   3262.5  3268.   3268.25 3267.   3270.   3269.5  3279.75
 3280.5  3279.   3275.75 3269.   3264.25 3268.5  3276.25 3274.5  3275.
 3278.   3267.5  3269.75 3248.25 3235.25 3231.25 3231.25 3239.5  3234.5
 3235.   3243.75] lastlow 3243.75
10/30/2020 12:08:34 PM ::  
10/30/2020 12:08:34 PM :: close [3278.   3279.75 3281.   3281.5  3279.75 3275.25 3278.25 3282.   3286.5
 3289.25 3290.25 3289.75 3294.   3293.25 3295.75 3294.5  3293.75 3293.25
 3293.25 3293.   3293.5  3295.5  3295.25 3297.75 3297.25 3298.75 3298.
 3299.   3299.5  3298.   3299.25 3300.25 3302.   3309.75 3306.25 3302.
 3296.   3293.   3287.   3292.   3289.75 3290.75 3290.75 3288.5  3293.25
 3295.75 3291.25 3290.75 3284.75 3282.25 3286.   3284.5  3277.   3274.5
 3267.25 3257.   3263.25 3263.   3267.75 3270.75 3269.75 3268.5  3255.75
 3277.75 3273.   3290.25 3294.75 3291.5  3292.25 3290.   3283.25 3283.5
 3287.75 3288.75 3294.25 3291.25 3289.25 3299.25 3305.75 3314.5  3321.25
 3329.5  3324.5  3320.5  3315.5  3319.75 3315.25 3299.5  3293.25 3281.5
 3275.5  3270.75 3268.5  3267.5  3270.25 3277.25 3276.75 3279.   3276.
 3276.75 3274.5  3274.25 3268.   3272.75 3266.5  3271.   3274.   3274.5
 3274.25 3273.   3270.   3271.5  3272.   3272.75 3273.75 3275.   3274.25
 3273.75 3269.75 3263.   3252.25 3244.5  3238.   3230.75 3234.75 3237.5
 3233.5  3239.   3238.   3245.   3242.75 3255.25 3257.5  3253.5  3251.75
 3253.75 3266.   3270.5  3271.75 3275.   3274.5  3272.5  3280.   3284.5
 3281.   3282.   3277.25 3269.75 3270.75 3277.75 3279.75 3276.5  3281.75
 3279.75 3279.   3271.25 3251.5  3239.75 3231.5  3253.5  3241.25 3239.5
 3247.25 3254.25] last close 3254.25
10/30/2020 12:08:34 PM :: countOpenPositions: 
10/30/2020 12:08:34 PM :: countOpenPositions: positions: [] 
10/30/2020 12:08:34 PM :: Have a position: long qty: 0 and short qty: 0 
10/30/2020 12:08:34 PM :: tws time in local time zone format: 2020-10-30 12:08:33 
10/30/2020 12:08:34 PM :: Disconnected.
