10/30/2020 11:38:38 AM :: Connecting...
10/30/2020 11:38:40 AM :: countOpenPositions: 
10/30/2020 11:38:40 AM :: countOpenPositions: positions: [] 
10/30/2020 11:38:40 AM :: Have a position: long qty: 0 and short qty: 0 
10/30/2020 11:38:40 AM :: tws time in local time zone format: 2020-10-30 11:38:39 
10/30/2020 11:38:40 AM :: high [3281.25 3280.   3282.25 3282.5  3282.75 3280.   3278.75 3282.5  3287.75
 3292.5  3290.25 3292.5  3294.75 3294.25 3297.5  3298.75 3295.   3293.75
 3294.75 3293.25 3294.   3296.   3297.75 3297.75 3298.   3299.75 3299.
 3300.   3300.   3299.75 3300.5  3300.5  3302.   3310.75 3309.75 3307.25
 3302.5  3296.5  3295.   3292.75 3301.   3295.   3294.25 3293.5  3296.25
 3297.   3296.5  3292.25 3290.75 3287.75 3287.   3288.25 3285.   3277.5
 3277.75 3269.75 3264.5  3263.75 3277.   3275.   3273.25 3271.75 3276.5
 3283.   3287.25 3290.75 3297.25 3297.5  3292.75 3298.25 3292.75 3291.
 3288.   3291.75 3296.   3296.5  3293.75 3300.   3307.5  3315.   3324.
 3331.75 3333.75 3325.5  3325.75 3322.5  3321.75 3325.25 3311.25 3296.
 3283.75 3274.5  3273.75 3271.   3272.   3278.   3279.25 3281.25 3280.5
 3277.5  3277.75 3278.25 3275.   3273.5  3275.25 3272.75 3275.25 3274.75
 3276.25 3274.75 3274.5  3273.   3273.   3274.5  3274.75 3276.75 3276.5
 3275.5  3274.   3271.   3263.5  3254.25 3246.   3241.25 3238.   3239.5
 3238.75 3241.75 3241.   3249.5  3248.   3255.5  3259.   3261.5  3254.5
 3256.   3267.   3271.5  3277.5  3276.   3275.75 3276.75 3281.   3290.75
 3284.75 3283.   3281.75 3278.   3271.5  3277.75 3284.   3281.   3282.75
 3296.25 3283.25 3284.75 3273.   3255.75 3245.75 3254.   3253.5  3245.  ] 
10/30/2020 11:38:40 AM ::  
10/30/2020 11:38:40 AM :: low [3274.25 3277.   3280.   3278.   3278.75 3272.25 3274.25 3278.25 3279.5
 3284.75 3287.25 3289.5  3289.5  3291.   3293.25 3293.75 3292.5  3291.25
 3293.   3291.25 3291.   3291.5  3295.   3295.25 3297.   3297.25 3297.
 3297.25 3297.   3297.   3297.75 3298.   3298.75 3301.5  3305.75 3301.
 3292.25 3291.5  3284.5  3284.25 3289.25 3283.25 3288.75 3284.5  3288.
 3290.   3287.5  3285.75 3281.   3281.5  3281.25 3284.   3274.25 3274.
 3264.   3255.75 3257.25 3259.25 3261.5  3266.75 3265.5  3267.   3250.25
 3252.25 3270.   3272.   3286.   3288.   3283.75 3289.25 3282.25 3277.25
 3279.   3286.   3287.25 3290.   3285.75 3285.   3299.25 3305.   3314.
 3321.25 3323.   3316.5  3314.75 3309.   3313.5  3298.75 3288.75 3270.75
 3275.   3265.25 3264.25 3265.75 3267.25 3270.   3276.   3276.75 3275.25
 3268.75 3272.25 3273.25 3267.   3267.   3266.25 3266.25 3271.   3270.25
 3272.25 3272.   3269.5  3269.75 3270.   3272.25 3272.25 3273.75 3273.75
 3272.   3268.   3262.5  3248.   3243.25 3237.5  3226.   3229.75 3231.25
 3232.5  3233.5  3234.5  3238.   3240.25 3242.5  3253.25 3253.25 3246.5
 3249.5  3253.   3262.5  3268.   3268.25 3267.   3270.   3269.5  3279.75
 3280.5  3279.   3275.75 3269.   3264.25 3268.5  3276.25 3274.5  3275.
 3278.   3267.5  3269.75 3248.25 3235.25 3231.25 3231.25 3239.5  3237.25] 
10/30/2020 11:38:40 AM ::  
10/30/2020 11:38:40 AM :: close [3278.   3279.75 3281.   3281.5  3279.75 3275.25 3278.25 3282.   3286.5
 3289.25 3290.25 3289.75 3294.   3293.25 3295.75 3294.5  3293.75 3293.25
 3293.25 3293.   3293.5  3295.5  3295.25 3297.75 3297.25 3298.75 3298.
 3299.   3299.5  3298.   3299.25 3300.25 3302.   3309.75 3306.25 3302.
 3296.   3293.   3287.   3292.   3289.75 3290.75 3290.75 3288.5  3293.25
 3295.75 3291.25 3290.75 3284.75 3282.25 3286.   3284.5  3277.   3274.5
 3267.25 3257.   3263.25 3263.   3267.75 3270.75 3269.75 3268.5  3255.75
 3277.75 3273.   3290.25 3294.75 3291.5  3292.25 3290.   3283.25 3283.5
 3287.75 3288.75 3294.25 3291.25 3289.25 3299.25 3305.75 3314.5  3321.25
 3329.5  3324.5  3320.5  3315.5  3319.75 3315.25 3299.5  3293.25 3281.5
 3275.5  3270.75 3268.5  3267.5  3270.25 3277.25 3276.75 3279.   3276.
 3276.75 3274.5  3274.25 3268.   3272.75 3266.5  3271.   3274.   3274.5
 3274.25 3273.   3270.   3271.5  3272.   3272.75 3273.75 3275.   3274.25
 3273.75 3269.75 3263.   3252.25 3244.5  3238.   3230.75 3234.75 3237.5
 3233.5  3239.   3238.   3245.   3242.75 3255.25 3257.5  3253.5  3251.75
 3253.75 3266.   3270.5  3271.75 3275.   3274.5  3272.5  3280.   3284.5
 3281.   3282.   3277.25 3269.75 3270.75 3277.75 3279.75 3276.5  3281.75
 3279.75 3279.   3271.25 3251.5  3239.75 3231.5  3253.5  3241.25 3238.5 ] 
10/30/2020 11:38:40 AM :: countOpenPositions: 
10/30/2020 11:38:40 AM :: countOpenPositions: positions: [] 
10/30/2020 11:38:40 AM :: Have a position: long qty: 0 and short qty: 0 
10/30/2020 11:38:40 AM :: tws time in local time zone format: 2020-10-30 11:38:39 
10/30/2020 11:38:40 AM :: Disconnected.
10/30/2020 11:45:03 AM :: main.py:onError:: errorcode: 2104 errorstring: Market data farm connection is OK:usfarm.nj
10/30/2020 11:45:03 AM :: main.py:onError:: errorcode: 2104 errorstring: Market data farm connection is OK:usfuture
10/30/2020 11:45:03 AM :: main.py:onError:: errorcode: 2104 errorstring: Market data farm connection is OK:usfarm
10/30/2020 11:45:03 AM :: main.py:onError:: errorcode: 2106 errorstring: HMDS data farm connection is OK:ushmds
10/30/2020 11:45:04 AM :: Connected.
10/30/2020 11:45:04 AM :: Connecting...
10/30/2020 11:45:04 AM :: countOpenOrders ************** in the findOpenOrder function *****************
10/30/2020 11:45:04 AM :: countOpenOrders openOrdersList: []
10/30/2020 11:45:04 AM :: we have the follow number of open stp orders for Sell: 0 and Buy: 0 
10/30/2020 11:45:04 AM :: high [3370.25 3361.5  3362.   3361.5  3363.25 3364.5  3365.5  3367.25 3367.
 3367.25 3367.   3365.   3365.75 3366.   3367.25 3366.   3364.25 3363.
 3365.   3366.   3366.   3366.   3364.5  3364.25 3364.25 3362.5  3363.75
 3364.75 3365.   3366.   3368.   3369.75 3370.   3368.   3368.25 3368.25
 3364.   3357.75 3349.75 3353.25 3357.25 3342.5  3337.   3342.75 3345.75
 3345.75 3340.75 3339.   3341.75 3343.75 3340.75 3340.75 3336.75 3337.
 3337.   3338.5  3334.   3333.5  3331.75 3321.25 3322.   3322.25 3326.5
 3328.25 3314.5  3306.25 3295.25 3291.5  3290.75 3289.25 3291.   3300.25
 3303.25 3301.75 3295.5  3287.5  3284.   3282.25 3288.25 3288.25 3287.
 3289.75 3291.25 3290.25 3288.5  3293.25 3298.   3283.25 3271.25 3278.75
 3277.5  3281.25 3280.   3282.25 3282.5  3282.75 3280.   3278.75 3282.5
 3287.75 3292.5  3290.25 3292.5  3294.75 3294.25 3297.5  3298.75 3295.
 3293.75 3294.75 3293.25 3294.   3296.   3297.75 3297.75 3298.   3299.75
 3299.   3300.   3300.   3299.75 3300.5  3300.5  3302.   3310.75 3309.75
 3307.25 3302.5  3296.5  3295.   3292.75 3301.   3295.   3294.25 3293.5
 3296.25 3297.   3296.5  3292.25 3290.75 3287.75 3287.   3288.25 3285.
 3277.5  3277.75 3269.75 3264.5  3263.75 3277.   3275.   3273.25 3271.75
 3276.5  3283.   3287.25 3290.75 3297.25 3297.5  3292.75 3298.25 3292.75
 3291.   3288.   3291.75 3296.   3296.5  3293.75 3300.   3307.5  3315.
 3324.   3331.75 3333.75 3325.5  3325.75 3322.5  3321.75 3325.25 3311.25
 3296.   3283.75 3274.5  3273.75 3271.   3272.   3278.   3279.25 3281.25
 3280.5  3277.5  3277.75 3278.25 3275.   3273.5  3275.25 3272.75 3275.25
 3274.75 3276.25 3274.75 3274.5  3273.   3273.   3274.5  3274.75 3276.75
 3276.5  3275.5  3274.   3271.   3263.5  3254.25 3246.   3241.25 3238.
 3239.5  3238.75 3241.75 3241.   3249.5  3248.   3255.5  3259.   3261.5
 3254.5  3256.   3267.   3271.5  3277.5  3276.   3275.75 3276.75 3281.
 3290.75 3284.75 3283.   3281.75 3278.   3271.5  3277.75 3284.   3281.
 3282.75 3296.25 3283.25 3284.75 3273.   3255.75 3245.75 3254.   3253.5
 3245.  ] 
10/30/2020 11:45:04 AM ::  
10/30/2020 11:45:04 AM :: low [3359.   3358.   3358.5  3359.25 3360.25 3362.75 3363.5  3363.75 3362.
 3365.   3363.25 3361.75 3362.75 3364.5  3364.5  3362.75 3360.5  3361.25
 3362.   3363.5  3364.5  3364.   3362.75 3363.   3361.75 3360.75 3361.75
 3363.   3363.   3363.75 3365.25 3367.75 3367.   3366.5  3365.75 3360.75
 3354.25 3344.5  3345.   3348.   3341.25 3333.   3330.75 3334.5  3338.75
 3340.   3333.25 3334.25 3338.   3336.75 3337.   3332.5  3328.   3333.25
 3332.75 3333.25 3329.75 3329.5  3320.   3313.25 3315.5  3313.5  3317.25
 3308.75 3301.5  3281.75 3283.25 3276.5  3275.25 3279.25 3275.25 3289.
 3294.75 3291.75 3282.75 3277.75 3272.75 3270.75 3278.25 3280.75 3275.25
 3273.   3278.25 3275.75 3277.75 3278.5  3282.   3260.75 3261.75 3269.75
 3268.75 3274.25 3277.   3280.   3278.   3278.75 3272.25 3274.25 3278.25
 3279.5  3284.75 3287.25 3289.5  3289.5  3291.   3293.25 3293.75 3292.5
 3291.25 3293.   3291.25 3291.   3291.5  3295.   3295.25 3297.   3297.25
 3297.   3297.25 3297.   3297.   3297.75 3298.   3298.75 3301.5  3305.75
 3301.   3292.25 3291.5  3284.5  3284.25 3289.25 3283.25 3288.75 3284.5
 3288.   3290.   3287.5  3285.75 3281.   3281.5  3281.25 3284.   3274.25
 3274.   3264.   3255.75 3257.25 3259.25 3261.5  3266.75 3265.5  3267.
 3250.25 3252.25 3270.   3272.   3286.   3288.   3283.75 3289.25 3282.25
 3277.25 3279.   3286.   3287.25 3290.   3285.75 3285.   3299.25 3305.
 3314.   3321.25 3323.   3316.5  3314.75 3309.   3313.5  3298.75 3288.75
 3270.75 3275.   3265.25 3264.25 3265.75 3267.25 3270.   3276.   3276.75
 3275.25 3268.75 3272.25 3273.25 3267.   3267.   3266.25 3266.25 3271.
 3270.25 3272.25 3272.   3269.5  3269.75 3270.   3272.25 3272.25 3273.75
 3273.75 3272.   3268.   3262.5  3248.   3243.25 3237.5  3226.   3229.75
 3231.25 3232.5  3233.5  3234.5  3238.   3240.25 3242.5  3253.25 3253.25
 3246.5  3249.5  3253.   3262.5  3268.   3268.25 3267.   3270.   3269.5
 3279.75 3280.5  3279.   3275.75 3269.   3264.25 3268.5  3276.25 3274.5
 3275.   3278.   3267.5  3269.75 3248.25 3235.25 3231.25 3231.25 3239.5
 3234.5 ] 
10/30/2020 11:45:04 AM ::  
10/30/2020 11:45:04 AM :: close [3360.   3358.75 3361.   3360.25 3362.75 3363.75 3364.75 3366.   3366.
 3366.75 3364.   3362.75 3365.5  3365.5  3365.25 3364.   3362.25 3362.25
 3364.   3365.   3365.   3364.5  3363.5  3363.5  3362.   3362.25 3363.5
 3364.5  3363.5  3365.25 3368.   3368.5  3367.5  3367.25 3367.75 3362.25
 3357.5  3348.75 3348.   3352.5  3342.5  3336.75 3336.5  3341.75 3345.
 3340.5  3337.   3338.25 3340.5  3337.25 3340.75 3333.5  3333.75 3335.25
 3336.75 3333.75 3332.25 3331.5  3320.5  3317.25 3318.25 3321.   3325.5
 3312.75 3305.25 3287.25 3290.25 3285.   3289.25 3283.   3289.25 3296.5
 3299.75 3292.75 3285.5  3283.25 3274.25 3282.25 3282.25 3286.75 3276.
 3288.75 3283.   3287.25 3283.5  3288.75 3282.   3266.5  3269.5  3276.
 3274.75 3278.   3279.75 3281.   3281.5  3279.75 3275.25 3278.25 3282.
 3286.5  3289.25 3290.25 3289.75 3294.   3293.25 3295.75 3294.5  3293.75
 3293.25 3293.25 3293.   3293.5  3295.5  3295.25 3297.75 3297.25 3298.75
 3298.   3299.   3299.5  3298.   3299.25 3300.25 3302.   3309.75 3306.25
 3302.   3296.   3293.   3287.   3292.   3289.75 3290.75 3290.75 3288.5
 3293.25 3295.75 3291.25 3290.75 3284.75 3282.25 3286.   3284.5  3277.
 3274.5  3267.25 3257.   3263.25 3263.   3267.75 3270.75 3269.75 3268.5
 3255.75 3277.75 3273.   3290.25 3294.75 3291.5  3292.25 3290.   3283.25
 3283.5  3287.75 3288.75 3294.25 3291.25 3289.25 3299.25 3305.75 3314.5
 3321.25 3329.5  3324.5  3320.5  3315.5  3319.75 3315.25 3299.5  3293.25
 3281.5  3275.5  3270.75 3268.5  3267.5  3270.25 3277.25 3276.75 3279.
 3276.   3276.75 3274.5  3274.25 3268.   3272.75 3266.5  3271.   3274.
 3274.5  3274.25 3273.   3270.   3271.5  3272.   3272.75 3273.75 3275.
 3274.25 3273.75 3269.75 3263.   3252.25 3244.5  3238.   3230.75 3234.75
 3237.5  3233.5  3239.   3238.   3245.   3242.75 3255.25 3257.5  3253.5
 3251.75 3253.75 3266.   3270.5  3271.75 3275.   3274.5  3272.5  3280.
 3284.5  3281.   3282.   3277.25 3269.75 3270.75 3277.75 3279.75 3276.5
 3281.75 3279.75 3279.   3271.25 3251.5  3239.75 3231.5  3253.5  3241.25
 3239.5 ] 
10/30/2020 11:45:04 AM :: high [3446.25 3440.75 3442.   3442.   3436.   3435.5  3433.25 3434.75 3429.5
 3428.   3422.75 3422.75 3421.   3424.75 3419.5  3427.5  3430.   3396.5
 3388.75 3376.75 3386.75 3395.   3398.5  3396.25 3398.   3399.5  3404.
 3404.   3399.5  3399.5  3402.25 3403.5  3408.25 3406.   3405.25 3401.
 3410.   3410.   3410.   3401.5  3401.   3398.75 3400.75 3401.5  3398.5
 3393.75 3387.   3379.75 3370.25 3367.25 3367.25 3367.25 3366.   3366.
 3364.75 3369.75 3370.   3364.   3357.25 3345.75 3343.75 3338.5  3334.
 3328.25 3314.5  3300.25 3303.25 3288.25 3291.25 3298.   3271.25 3278.75
 3282.5  3282.75 3292.5  3298.75 3295.   3297.75 3300.   3300.5  3310.75
 3302.5  3301.   3297.   3290.75 3285.   3277.   3283.   3297.5  3298.25
 3296.5  3315.   3333.75 3325.75 3311.25 3296.   3274.5  3281.25 3278.25
 3275.25 3276.25 3274.75 3276.75 3271.   3241.25 3249.5  3261.5  3277.5
 3281.   3290.75 3284.   3296.25 3284.75] 
10/30/2020 11:45:04 AM ::  
10/30/2020 11:45:04 AM :: low [3425.   3431.5  3435.75 3431.25 3431.75 3429.5  3430.25 3426.75 3425.5
 3412.   3412.5  3415.5  3415.25 3417.   3414.   3415.75 3395.25 3379.5
 3372.25 3356.   3370.75 3373.   3392.   3392.   3393.   3391.   3390.
 3394.75 3395.25 3395.25 3396.75 3399.25 3401.5  3399.75 3392.5  3393.25
 3399.   3405.   3398.25 3387.5  3381.25 3382.   3385.25 3386.   3382.75
 3380.   3376.25 3368.25 3358.   3360.25 3361.75 3362.75 3360.5  3362.75
 3360.75 3363.   3360.75 3344.5  3330.75 3333.25 3332.5  3328.   3313.25
 3308.75 3276.5  3275.25 3277.75 3270.75 3273.   3260.75 3261.75 3268.75
 3274.25 3272.25 3279.5  3289.5  3291.25 3291.   3297.   3297.   3298.75
 3284.25 3283.25 3285.75 3281.   3255.75 3257.25 3250.25 3270.   3277.25
 3279.   3285.   3314.   3298.75 3288.75 3270.75 3264.25 3270.   3267.
 3266.25 3269.5  3269.75 3268.   3237.5  3226.   3233.5  3242.5  3249.5
 3267.   3275.75 3264.25 3267.5  3231.25] 
10/30/2020 11:45:04 AM ::  
10/30/2020 11:45:04 AM :: close [3431.5  3439.25 3439.   3433.25 3433.   3433.   3431.25 3427.25 3426.5
 3415.5  3420.75 3418.25 3420.75 3418.   3416.5  3425.5  3396.25 3386.
 3374.75 3373.5  3381.25 3394.25 3395.5  3394.75 3396.25 3392.5  3403.5
 3396.25 3397.5  3396.75 3401.   3403.   3404.75 3405.   3400.25 3399.
 3407.75 3409.75 3398.75 3397.   3387.75 3398.   3390.25 3396.75 3386.
 3383.   3380.25 3368.5  3360.25 3366.   3362.75 3364.   3365.   3363.5
 3364.5  3368.5  3362.25 3352.5  3341.75 3338.25 3333.5  3333.75 3317.25
 3312.75 3285.   3296.5  3283.25 3286.75 3287.25 3266.5  3269.5  3274.75
 3281.5  3282.   3289.75 3294.5  3293.   3297.75 3299.   3300.25 3302.
 3292.   3288.5  3290.75 3284.5  3257.   3270.75 3277.75 3291.5  3283.5
 3291.25 3314.5  3320.5  3299.5  3293.25 3275.5  3270.25 3276.   3268.
 3274.   3270.   3273.75 3269.75 3238.   3233.5  3242.75 3251.75 3271.75
 3280.   3277.25 3279.75 3279.   3231.5 ] 
10/30/2020 11:45:04 AM :: high [3214.25 3238.   3261.5  3261.75 3272.5  3228.   3224.75 3235.   3246.
 3258.   3262.75 3285.75 3290.5  3313.   3335.   3337.   3346.75 3368.25
 3371.75 3371.5  3369.   3372.   3379.75 3384.75 3376.   3385.75 3419.
 3437.5  3472.5  3487.5  3498.75 3514.   3520.5  3576.   3576.25 3473.25
 3427.75 3436.5  3413.75 3414.   3364.75 3392.5  3409.   3419.5  3386.5
 3363.   3326.25 3309.5  3319.75 3268.25 3296.25 3351.25 3363.   3384.
 3388.   3375.5  3400.   3421.75 3416.75 3447.25 3480.   3541.   3535.75
 3524.   3486.5  3508.5  3496.5  3469.75 3458.   3453.   3462.5  3446.25
 3410.   3370.25 3333.75] 
10/30/2020 11:45:04 AM ::  
10/30/2020 11:45:04 AM :: low [3184.25 3180.   3228.   3218.   3204.5  3181.75 3182.   3199.   3194.25
 3184.75 3202.5  3245.   3260.75 3283.5  3291.25 3312.5  3319.   3310.25
 3316.   3349.   3339.   3354.25 3356.25 3355.5  3334.   3346.5  3384.25
 3411.25 3427.5  3454.5  3470.75 3479.5  3474.25 3516.5  3414.5  3337.75
 3371.5  3317.25 3286.   3316.75 3298.25 3336.25 3366.25 3373.75 3310.25
 3280.75 3217.75 3256.5  3221.   3198.   3206.5  3287.5  3316.5  3291.25
 3343.25 3300.25 3346.5  3330.5  3332.25 3405.5  3445.25 3464.25 3491.5
 3472.   3431.5  3461.25 3410.75 3418.75 3420.5  3402.5  3431.5  3356.
 3368.25 3260.75 3250.25] 
10/30/2020 11:45:04 AM ::  
10/30/2020 11:45:04 AM :: close [3203.25  3234.375 3240.5   3254.75  3216.75  3193.25  3221.375 3202.25
 3241.75  3238.25  3253.125 3278.25  3289.75  3305.75  3334.    3334.5
 3342.375 3319.625 3359.625 3357.25  3350.875 3369.25  3376.25  3362.25
 3370.25  3382.    3417.    3432.375 3469.75  3474.75  3494.    3488.5
 3516.625 3568.75  3451.25  3407.25  3423.25  3325.125 3389.875 3330.125
 3323.25  3372.25  3395.    3379.375 3351.    3316.25  3275.125 3299.25
 3231.25  3238.    3287.25  3346.    3333.75  3352.    3367.75  3339.25
 3392.875 3353.25  3406.75  3437.5   3473.25  3532.75  3504.75  3480.875
 3475.375 3462.25  3422.75  3432.25  3432.5   3449.25  3451.75  3393.5
 3383.125 3263.5   3302.25 ] 
10/30/2020 11:45:04 AM :: crossoverpending: crossed False, pendingSkip: False, pendingCnt: 0, bars 15cci: -116.60514054225888, bars 15ccia: -23.86331965166158, bars15 cci prior: -91.66468657775049, bars15 ccia prior: -1.6388174812758143
10/30/2020 11:45:04 AM :: ++++++++++++++++++++++++++++++++++++
10/30/2020 11:45:04 AM :: join key:     CCIA15:ILCCIA1h:ILCCIA1d:IU
10/30/2020 11:45:04 AM :: CCI Long %  : 64.20
10/30/2020 11:45:04 AM :: CCI Profit  : 11,637.50
10/30/2020 11:45:04 AM :: CCI Win%    : 0.49
10/30/2020 11:45:04 AM :: CCIbb Long %: 69.09
10/30/2020 11:45:04 AM :: CCIbb Profit: 20,787.50
10/30/2020 11:45:04 AM :: CCIbb Win%  : 76.36
10/30/2020 11:45:04 AM :: Rank (0-100): 72.26
10/30/2020 11:45:04 AM :: -------------------------------------
10/30/2020 11:45:04 AM :: modifySTPOrder:: openSTPOrder: stp
10/30/2020 11:45:04 AM :: end of process for this time interval - goint to disconnect
10/30/2020 11:45:04 AM :: countOpenPositions: 
10/30/2020 11:45:04 AM :: countOpenPositions: positions: [] 
10/30/2020 11:45:04 AM :: Have a position: long qty: 0 and short qty: 0 
10/30/2020 11:45:04 AM :: tws time in local time zone format: 2020-10-30 11:45:04 
10/30/2020 11:45:04 AM :: Disconnected.
10/30/2020 12:00:04 PM :: main.py:onError:: errorcode: 2104 errorstring: Market data farm connection is OK:usfarm.nj
10/30/2020 12:00:04 PM :: main.py:onError:: errorcode: 2104 errorstring: Market data farm connection is OK:usfuture
10/30/2020 12:00:04 PM :: main.py:onError:: errorcode: 2104 errorstring: Market data farm connection is OK:usfarm
10/30/2020 12:00:04 PM :: main.py:onError:: errorcode: 2106 errorstring: HMDS data farm connection is OK:ushmds
10/30/2020 12:00:05 PM :: Connected.
10/30/2020 12:00:05 PM :: Connecting...
10/30/2020 12:00:05 PM :: countOpenOrders ************** in the findOpenOrder function *****************
10/30/2020 12:00:05 PM :: countOpenOrders openOrdersList: []
10/30/2020 12:00:05 PM :: we have the follow number of open stp orders for Sell: 0 and Buy: 0 
10/30/2020 12:00:05 PM :: high [3370.25 3361.5  3362.   3361.5  3363.25 3364.5  3365.5  3367.25 3367.
 3367.25 3367.   3365.   3365.75 3366.   3367.25 3366.   3364.25 3363.
 3365.   3366.   3366.   3366.   3364.5  3364.25 3364.25 3362.5  3363.75
 3364.75 3365.   3366.   3368.   3369.75 3370.   3368.   3368.25 3368.25
 3364.   3357.75 3349.75 3353.25 3357.25 3342.5  3337.   3342.75 3345.75
 3345.75 3340.75 3339.   3341.75 3343.75 3340.75 3340.75 3336.75 3337.
 3337.   3338.5  3334.   3333.5  3331.75 3321.25 3322.   3322.25 3326.5
 3328.25 3314.5  3306.25 3295.25 3291.5  3290.75 3289.25 3291.   3300.25
 3303.25 3301.75 3295.5  3287.5  3284.   3282.25 3288.25 3288.25 3287.
 3289.75 3291.25 3290.25 3288.5  3293.25 3298.   3283.25 3271.25 3278.75
 3277.5  3281.25 3280.   3282.25 3282.5  3282.75 3280.   3278.75 3282.5
 3287.75 3292.5  3290.25 3292.5  3294.75 3294.25 3297.5  3298.75 3295.
 3293.75 3294.75 3293.25 3294.   3296.   3297.75 3297.75 3298.   3299.75
 3299.   3300.   3300.   3299.75 3300.5  3300.5  3302.   3310.75 3309.75
 3307.25 3302.5  3296.5  3295.   3292.75 3301.   3295.   3294.25 3293.5
 3296.25 3297.   3296.5  3292.25 3290.75 3287.75 3287.   3288.25 3285.
 3277.5  3277.75 3269.75 3264.5  3263.75 3277.   3275.   3273.25 3271.75
 3276.5  3283.   3287.25 3290.75 3297.25 3297.5  3292.75 3298.25 3292.75
 3291.   3288.   3291.75 3296.   3296.5  3293.75 3300.   3307.5  3315.
 3324.   3331.75 3333.75 3325.5  3325.75 3322.5  3321.75 3325.25 3311.25
 3296.   3283.75 3274.5  3273.75 3271.   3272.   3278.   3279.25 3281.25
 3280.5  3277.5  3277.75 3278.25 3275.   3273.5  3275.25 3272.75 3275.25
 3274.75 3276.25 3274.75 3274.5  3273.   3273.   3274.5  3274.75 3276.75
 3276.5  3275.5  3274.   3271.   3263.5  3254.25 3246.   3241.25 3238.
 3239.5  3238.75 3241.75 3241.   3249.5  3248.   3255.5  3259.   3261.5
 3254.5  3256.   3267.   3271.5  3277.5  3276.   3275.75 3276.75 3281.
 3290.75 3284.75 3283.   3281.75 3278.   3271.5  3277.75 3284.   3281.
 3282.75 3296.25 3283.25 3284.75 3273.   3255.75 3245.75 3254.   3253.5
 3245.   3249.25 3247.  ] 
10/30/2020 12:00:05 PM ::  
10/30/2020 12:00:05 PM :: low [3359.   3358.   3358.5  3359.25 3360.25 3362.75 3363.5  3363.75 3362.
 3365.   3363.25 3361.75 3362.75 3364.5  3364.5  3362.75 3360.5  3361.25
 3362.   3363.5  3364.5  3364.   3362.75 3363.   3361.75 3360.75 3361.75
 3363.   3363.   3363.75 3365.25 3367.75 3367.   3366.5  3365.75 3360.75
 3354.25 3344.5  3345.   3348.   3341.25 3333.   3330.75 3334.5  3338.75
 3340.   3333.25 3334.25 3338.   3336.75 3337.   3332.5  3328.   3333.25
 3332.75 3333.25 3329.75 3329.5  3320.   3313.25 3315.5  3313.5  3317.25
 3308.75 3301.5  3281.75 3283.25 3276.5  3275.25 3279.25 3275.25 3289.
 3294.75 3291.75 3282.75 3277.75 3272.75 3270.75 3278.25 3280.75 3275.25
 3273.   3278.25 3275.75 3277.75 3278.5  3282.   3260.75 3261.75 3269.75
 3268.75 3274.25 3277.   3280.   3278.   3278.75 3272.25 3274.25 3278.25
 3279.5  3284.75 3287.25 3289.5  3289.5  3291.   3293.25 3293.75 3292.5
 3291.25 3293.   3291.25 3291.   3291.5  3295.   3295.25 3297.   3297.25
 3297.   3297.25 3297.   3297.   3297.75 3298.   3298.75 3301.5  3305.75
 3301.   3292.25 3291.5  3284.5  3284.25 3289.25 3283.25 3288.75 3284.5
 3288.   3290.   3287.5  3285.75 3281.   3281.5  3281.25 3284.   3274.25
 3274.   3264.   3255.75 3257.25 3259.25 3261.5  3266.75 3265.5  3267.
 3250.25 3252.25 3270.   3272.   3286.   3288.   3283.75 3289.25 3282.25
 3277.25 3279.   3286.   3287.25 3290.   3285.75 3285.   3299.25 3305.
 3314.   3321.25 3323.   3316.5  3314.75 3309.   3313.5  3298.75 3288.75
 3270.75 3275.   3265.25 3264.25 3265.75 3267.25 3270.   3276.   3276.75
 3275.25 3268.75 3272.25 3273.25 3267.   3267.   3266.25 3266.25 3271.
 3270.25 3272.25 3272.   3269.5  3269.75 3270.   3272.25 3272.25 3273.75
 3273.75 3272.   3268.   3262.5  3248.   3243.25 3237.5  3226.   3229.75
 3231.25 3232.5  3233.5  3234.5  3238.   3240.25 3242.5  3253.25 3253.25
 3246.5  3249.5  3253.   3262.5  3268.   3268.25 3267.   3270.   3269.5
 3279.75 3280.5  3279.   3275.75 3269.   3264.25 3268.5  3276.25 3274.5
 3275.   3278.   3267.5  3269.75 3248.25 3235.25 3231.25 3231.25 3239.5
 3234.5  3235.   3244.25] 
10/30/2020 12:00:05 PM ::  
10/30/2020 12:00:05 PM :: close [3360.   3358.75 3361.   3360.25 3362.75 3363.75 3364.75 3366.   3366.
 3366.75 3364.   3362.75 3365.5  3365.5  3365.25 3364.   3362.25 3362.25
 3364.   3365.   3365.   3364.5  3363.5  3363.5  3362.   3362.25 3363.5
 3364.5  3363.5  3365.25 3368.   3368.5  3367.5  3367.25 3367.75 3362.25
 3357.5  3348.75 3348.   3352.5  3342.5  3336.75 3336.5  3341.75 3345.
 3340.5  3337.   3338.25 3340.5  3337.25 3340.75 3333.5  3333.75 3335.25
 3336.75 3333.75 3332.25 3331.5  3320.5  3317.25 3318.25 3321.   3325.5
 3312.75 3305.25 3287.25 3290.25 3285.   3289.25 3283.   3289.25 3296.5
 3299.75 3292.75 3285.5  3283.25 3274.25 3282.25 3282.25 3286.75 3276.
 3288.75 3283.   3287.25 3283.5  3288.75 3282.   3266.5  3269.5  3276.
 3274.75 3278.   3279.75 3281.   3281.5  3279.75 3275.25 3278.25 3282.
 3286.5  3289.25 3290.25 3289.75 3294.   3293.25 3295.75 3294.5  3293.75
 3293.25 3293.25 3293.   3293.5  3295.5  3295.25 3297.75 3297.25 3298.75
 3298.   3299.   3299.5  3298.   3299.25 3300.25 3302.   3309.75 3306.25
 3302.   3296.   3293.   3287.   3292.   3289.75 3290.75 3290.75 3288.5
 3293.25 3295.75 3291.25 3290.75 3284.75 3282.25 3286.   3284.5  3277.
 3274.5  3267.25 3257.   3263.25 3263.   3267.75 3270.75 3269.75 3268.5
 3255.75 3277.75 3273.   3290.25 3294.75 3291.5  3292.25 3290.   3283.25
 3283.5  3287.75 3288.75 3294.25 3291.25 3289.25 3299.25 3305.75 3314.5
 3321.25 3329.5  3324.5  3320.5  3315.5  3319.75 3315.25 3299.5  3293.25
 3281.5  3275.5  3270.75 3268.5  3267.5  3270.25 3277.25 3276.75 3279.
 3276.   3276.75 3274.5  3274.25 3268.   3272.75 3266.5  3271.   3274.
 3274.5  3274.25 3273.   3270.   3271.5  3272.   3272.75 3273.75 3275.
 3274.25 3273.75 3269.75 3263.   3252.25 3244.5  3238.   3230.75 3234.75
 3237.5  3233.5  3239.   3238.   3245.   3242.75 3255.25 3257.5  3253.5
 3251.75 3253.75 3266.   3270.5  3271.75 3275.   3274.5  3272.5  3280.
 3284.5  3281.   3282.   3277.25 3269.75 3270.75 3277.75 3279.75 3276.5
 3281.75 3279.75 3279.   3271.25 3251.5  3239.75 3231.5  3253.5  3241.25
 3239.5  3247.25 3245.5 ] 
10/30/2020 12:00:05 PM :: high [3446.25 3440.75 3442.   3442.   3436.   3435.5  3433.25 3434.75 3429.5
 3428.   3422.75 3422.75 3421.   3424.75 3419.5  3427.5  3430.   3396.5
 3388.75 3376.75 3386.75 3395.   3398.5  3396.25 3398.   3399.5  3404.
 3404.   3399.5  3399.5  3402.25 3403.5  3408.25 3406.   3405.25 3401.
 3410.   3410.   3410.   3401.5  3401.   3398.75 3400.75 3401.5  3398.5
 3393.75 3387.   3379.75 3370.25 3367.25 3367.25 3367.25 3366.   3366.
 3364.75 3369.75 3370.   3364.   3357.25 3345.75 3343.75 3338.5  3334.
 3328.25 3314.5  3300.25 3303.25 3288.25 3291.25 3298.   3271.25 3278.75
 3282.5  3282.75 3292.5  3298.75 3295.   3297.75 3300.   3300.5  3310.75
 3302.5  3301.   3297.   3290.75 3285.   3277.   3283.   3297.5  3298.25
 3296.5  3315.   3333.75 3325.75 3311.25 3296.   3274.5  3281.25 3278.25
 3275.25 3276.25 3274.75 3276.75 3271.   3241.25 3249.5  3261.5  3277.5
 3281.   3290.75 3284.   3296.25 3284.75] 
10/30/2020 12:00:05 PM ::  
10/30/2020 12:00:05 PM :: low [3425.   3431.5  3435.75 3431.25 3431.75 3429.5  3430.25 3426.75 3425.5
 3412.   3412.5  3415.5  3415.25 3417.   3414.   3415.75 3395.25 3379.5
 3372.25 3356.   3370.75 3373.   3392.   3392.   3393.   3391.   3390.
 3394.75 3395.25 3395.25 3396.75 3399.25 3401.5  3399.75 3392.5  3393.25
 3399.   3405.   3398.25 3387.5  3381.25 3382.   3385.25 3386.   3382.75
 3380.   3376.25 3368.25 3358.   3360.25 3361.75 3362.75 3360.5  3362.75
 3360.75 3363.   3360.75 3344.5  3330.75 3333.25 3332.5  3328.   3313.25
 3308.75 3276.5  3275.25 3277.75 3270.75 3273.   3260.75 3261.75 3268.75
 3274.25 3272.25 3279.5  3289.5  3291.25 3291.   3297.   3297.   3298.75
 3284.25 3283.25 3285.75 3281.   3255.75 3257.25 3250.25 3270.   3277.25
 3279.   3285.   3314.   3298.75 3288.75 3270.75 3264.25 3270.   3267.
 3266.25 3269.5  3269.75 3268.   3237.5  3226.   3233.5  3242.5  3249.5
 3267.   3275.75 3264.25 3267.5  3231.25] 
10/30/2020 12:00:05 PM ::  
10/30/2020 12:00:06 PM :: close [3431.5  3439.25 3439.   3433.25 3433.   3433.   3431.25 3427.25 3426.5
 3415.5  3420.75 3418.25 3420.75 3418.   3416.5  3425.5  3396.25 3386.
 3374.75 3373.5  3381.25 3394.25 3395.5  3394.75 3396.25 3392.5  3403.5
 3396.25 3397.5  3396.75 3401.   3403.   3404.75 3405.   3400.25 3399.
 3407.75 3409.75 3398.75 3397.   3387.75 3398.   3390.25 3396.75 3386.
 3383.   3380.25 3368.5  3360.25 3366.   3362.75 3364.   3365.   3363.5
 3364.5  3368.5  3362.25 3352.5  3341.75 3338.25 3333.5  3333.75 3317.25
 3312.75 3285.   3296.5  3283.25 3286.75 3287.25 3266.5  3269.5  3274.75
 3281.5  3282.   3289.75 3294.5  3293.   3297.75 3299.   3300.25 3302.
 3292.   3288.5  3290.75 3284.5  3257.   3270.75 3277.75 3291.5  3283.5
 3291.25 3314.5  3320.5  3299.5  3293.25 3275.5  3270.25 3276.   3268.
 3274.   3270.   3273.75 3269.75 3238.   3233.5  3242.75 3251.75 3271.75
 3280.   3277.25 3279.75 3279.   3231.5 ] 
10/30/2020 12:00:06 PM :: high [3214.25 3238.   3261.5  3261.75 3272.5  3228.   3224.75 3235.   3246.
 3258.   3262.75 3285.75 3290.5  3313.   3335.   3337.   3346.75 3368.25
 3371.75 3371.5  3369.   3372.   3379.75 3384.75 3376.   3385.75 3419.
 3437.5  3472.5  3487.5  3498.75 3514.   3520.5  3576.   3576.25 3473.25
 3427.75 3436.5  3413.75 3414.   3364.75 3392.5  3409.   3419.5  3386.5
 3363.   3326.25 3309.5  3319.75 3268.25 3296.25 3351.25 3363.   3384.
 3388.   3375.5  3400.   3421.75 3416.75 3447.25 3480.   3541.   3535.75
 3524.   3486.5  3508.5  3496.5  3469.75 3458.   3453.   3462.5  3446.25
 3410.   3370.25 3333.75] 
10/30/2020 12:00:06 PM ::  
10/30/2020 12:00:06 PM :: low [3184.25 3180.   3228.   3218.   3204.5  3181.75 3182.   3199.   3194.25
 3184.75 3202.5  3245.   3260.75 3283.5  3291.25 3312.5  3319.   3310.25
 3316.   3349.   3339.   3354.25 3356.25 3355.5  3334.   3346.5  3384.25
 3411.25 3427.5  3454.5  3470.75 3479.5  3474.25 3516.5  3414.5  3337.75
 3371.5  3317.25 3286.   3316.75 3298.25 3336.25 3366.25 3373.75 3310.25
 3280.75 3217.75 3256.5  3221.   3198.   3206.5  3287.5  3316.5  3291.25
 3343.25 3300.25 3346.5  3330.5  3332.25 3405.5  3445.25 3464.25 3491.5
 3472.   3431.5  3461.25 3410.75 3418.75 3420.5  3402.5  3431.5  3356.
 3368.25 3260.75 3250.25] 
10/30/2020 12:00:06 PM ::  
10/30/2020 12:00:06 PM :: close [3203.25  3234.375 3240.5   3254.75  3216.75  3193.25  3221.375 3202.25
 3241.75  3238.25  3253.125 3278.25  3289.75  3305.75  3334.    3334.5
 3342.375 3319.625 3359.625 3357.25  3350.875 3369.25  3376.25  3362.25
 3370.25  3382.    3417.    3432.375 3469.75  3474.75  3494.    3488.5
 3516.625 3568.75  3451.25  3407.25  3423.25  3325.125 3389.875 3330.125
 3323.25  3372.25  3395.    3379.375 3351.    3316.25  3275.125 3299.25
 3231.25  3238.    3287.25  3346.    3333.75  3352.    3367.75  3339.25
 3392.875 3353.25  3406.75  3437.5   3473.25  3532.75  3504.75  3480.875
 3475.375 3462.25  3422.75  3432.25  3432.5   3449.25  3451.75  3393.5
 3383.125 3263.5   3302.25 ] 
10/30/2020 12:00:06 PM :: crossoverpending: crossed False, pendingSkip: False, pendingCnt: 0, bars 15cci: -90.87480429925827, bars 15ccia: -71.39527893748892, bars15 cci prior: -98.8751910912861, bars15 ccia prior: -51.12686298681505
10/30/2020 12:00:06 PM :: ++++++++++++++++++++++++++++++++++++
10/30/2020 12:00:06 PM :: join key:     CCIA15:ILCCIA1h:ILCCIA1d:IU
10/30/2020 12:00:06 PM :: CCI Long %  : 64.20
10/30/2020 12:00:06 PM :: CCI Profit  : 11,637.50
10/30/2020 12:00:06 PM :: CCI Win%    : 0.49
10/30/2020 12:00:06 PM :: CCIbb Long %: 69.09
10/30/2020 12:00:06 PM :: CCIbb Profit: 20,787.50
10/30/2020 12:00:06 PM :: CCIbb Win%  : 76.36
10/30/2020 12:00:06 PM :: Rank (0-100): 72.26
10/30/2020 12:00:06 PM :: -------------------------------------
10/30/2020 12:00:06 PM :: modifySTPOrder:: openSTPOrder: stp
10/30/2020 12:00:06 PM :: end of process for this time interval - goint to disconnect
10/30/2020 12:00:06 PM :: countOpenPositions: 
10/30/2020 12:00:06 PM :: countOpenPositions: positions: [] 
10/30/2020 12:00:06 PM :: Have a position: long qty: 0 and short qty: 0 
10/30/2020 12:00:06 PM :: tws time in local time zone format: 2020-10-30 12:00:05 
10/30/2020 12:00:06 PM :: Disconnected.
